#
# A fatal error has been detected by the Java Runtime Environment:
#
#  EXCEPTION_ACCESS_VIOLATION (0xc0000005) at pc=0x00007ffbc60dc75d, pid=9008, tid=0x0000000000004414
#
# JRE version: Java(TM) SE Runtime Environment (8.0_202-b08) (build 1.8.0_202-b08)
# Java VM: Java HotSpot(TM) 64-Bit Server VM (25.202-b08 mixed mode windows-amd64 compressed oops)
# Problematic frame:
# C  [lwjgl_opengl.dll+0xc75d]
#
# Failed to write core dump. Minidumps are not enabled by default on client versions of Windows
#
# If you would like to submit a bug report, please visit:
#   http://bugreport.java.com/bugreport/crash.jsp
# The crash happened outside the Java Virtual Machine in native code.
# See problematic frame for where to report the bug.
#

---------------  T H R E A D  ---------------

Current thread (0x00000000029e3000):  JavaThread "main" [_thread_in_native, id=17428, stack(0x0000000001100000,0x0000000001200000)]

siginfo: ExceptionCode=0xc0000005, reading address 0x00000000000002d8

Registers:
RAX=0x0000000000d23f80, RBX=0x000000001c117c90, RCX=0x0000000000000001, RDX=0x000000001fb5fd3c
RSP=0x00000000011ff548, RBP=0x00000000011ff5d0, RSI=0x000000076b558f18, RDI=0x0000000002ae7f10
R8 =0x0000000000000001, R9 =0x000000001fb5fd3c, R10=0x0000000000000000, R11=0x0000000076accf20
R12=0x0000000000000000, R13=0x000000001c117c90, R14=0x00000000011ff600, R15=0x00000000029e3000
RIP=0x00007ffbc60dc75d, EFLAGS=0x0000000000010206

Top of Stack: (sp=0x00000000011ff548)
0x00000000011ff548:   0000000002b01df0 0000000002ae7f10
0x00000000011ff558:   0000000002b017fd 00000000029e3000
0x00000000011ff568:   000000001c117c90 000000076b558f18
0x00000000011ff578:   00000000029e3000 00000000011ff678
0x00000000011ff588:   0000000002b017c2 00000000011ff590
0x00000000011ff598:   000000001c117c90 00000000011ff600
0x00000000011ff5a8:   000000001c121fb8 0000000000000000
0x00000000011ff5b8:   000000001c117c90 0000000000000000
0x00000000011ff5c8:   00000000011ff5f0 00000000011ff648
0x00000000011ff5d8:   0000000002ae83fd 000000076be15928
0x00000000011ff5e8:   0000000002af7a58 000000001fb5fd3c
0x00000000011ff5f8:   000000076be20628 0000000000000001
0x00000000011ff608:   00000000011ff608 000000001c117e04
0x00000000011ff618:   00000000011ff678 000000001c121fb8
0x00000000011ff628:   0000000000000000 000000001c117e70
0x00000000011ff638:   00000000011ff5f0 00000000011ff680 

Instructions: (pc=0x00007ffbc60dc75d)
0x00007ffbc60dc73d:   c8 02 00 00 cc cc cc cc cc cc cc cc cc cc cc cc
0x00007ffbc60dc74d:   cc cc cc 48 8b 01 49 8b d1 41 8b c8 4c 8b 50 18
0x00007ffbc60dc75d:   49 ff a2 d8 02 00 00 cc cc cc cc cc cc cc cc cc
0x00007ffbc60dc76d:   cc cc cc 48 8b 01 49 8b d1 41 8b c8 4c 8b 50 18 


Register to memory mapping:

RAX=0x0000000000d23f80 is an unknown value
RBX={method} {0x000000001c117c98} 'nglGenTextures' '(IJ)V' in 'org/lwjgl/opengl/GL11C'
RCX=0x0000000000000001 is an unknown value
RDX=0x000000001fb5fd3c is an unknown value
RSP=0x00000000011ff548 is pointing into the stack for thread: 0x00000000029e3000
RBP=0x00000000011ff5d0 is pointing into the stack for thread: 0x00000000029e3000
RSI=0x000000076b558f18 is an oop
java.lang.ThreadLocal$ThreadLocalMap 
 - klass: 'java/lang/ThreadLocal$ThreadLocalMap'
RDI=0x0000000002ae7f10 is at code_begin+1040 in an Interpreter codelet
invoke return entry points  [0x0000000002ae7b00, 0x0000000002ae84e0]  2528 bytes
R8 =0x0000000000000001 is an unknown value
R9 =0x000000001fb5fd3c is an unknown value
R10=0x0000000000000000 is an unknown value
R11=0x0000000076accf20 is an unknown value
R12=0x0000000000000000 is an unknown value
R13={method} {0x000000001c117c98} 'nglGenTextures' '(IJ)V' in 'org/lwjgl/opengl/GL11C'
R14=0x00000000011ff600 is pointing into the stack for thread: 0x00000000029e3000
R15=0x00000000029e3000 is a thread


Stack: [0x0000000001100000,0x0000000001200000],  sp=0x00000000011ff548,  free space=1021k
Native frames: (J=compiled Java code, j=interpreted, Vv=VM code, C=native code)
C  [lwjgl_opengl.dll+0xc75d]

Java frames: (J=compiled Java code, j=interpreted, Vv=VM code)
j  org.lwjgl.opengl.GL11C.nglGenTextures(IJ)V+0
j  org.lwjgl.opengl.GL11C.glGenTextures()I+20
j  org.lwjgl.opengl.GL11.glGenTextures()I+0
j  minecraft.fr.clemdefrance.Screen.loadTexture.getTexture(Ljava/lang/String;)I+166
j  minecraft.fr.clemdefrance.Screen.Frame.<init>()V+26
j  minecraft.fr.clemdefrance.Main.main([Ljava/lang/String;)V+22
v  ~StubRoutines::call_stub

---------------  P R O C E S S  ---------------

Java Threads: ( => current thread )
  0x000000001e42f800 JavaThread "Service Thread" daemon [_thread_blocked, id=17976, stack(0x000000001f740000,0x000000001f840000)]
  0x000000001e3ad000 JavaThread "C1 CompilerThread3" daemon [_thread_blocked, id=8188, stack(0x000000001f640000,0x000000001f740000)]
  0x000000001e3ac800 JavaThread "C2 CompilerThread2" daemon [_thread_blocked, id=14012, stack(0x000000001f540000,0x000000001f640000)]
  0x000000001e3aa800 JavaThread "C2 CompilerThread1" daemon [_thread_blocked, id=18612, stack(0x000000001f440000,0x000000001f540000)]
  0x000000001e3a5000 JavaThread "C2 CompilerThread0" daemon [_thread_blocked, id=6892, stack(0x000000001f340000,0x000000001f440000)]
  0x000000001e394000 JavaThread "JDWP Command Reader" daemon [_thread_in_native, id=8052, stack(0x000000001f240000,0x000000001f340000)]
  0x000000001e393000 JavaThread "JDWP Event Helper Thread" daemon [_thread_blocked, id=17764, stack(0x000000001f140000,0x000000001f240000)]
  0x000000001e388000 JavaThread "JDWP Transport Listener: dt_socket" daemon [_thread_blocked, id=17896, stack(0x000000001ecc0000,0x000000001edc0000)]
  0x000000001e37b000 JavaThread "Attach Listener" daemon [_thread_blocked, id=14816, stack(0x000000001eb80000,0x000000001ec80000)]
  0x000000001e37a000 JavaThread "Signal Dispatcher" daemon [_thread_blocked, id=9440, stack(0x000000001ea80000,0x000000001eb80000)]
  0x000000001e371000 JavaThread "Finalizer" daemon [_thread_blocked, id=17864, stack(0x000000001e850000,0x000000001e950000)]
  0x000000001e370800 JavaThread "Reference Handler" daemon [_thread_blocked, id=7916, stack(0x000000001e750000,0x000000001e850000)]
=>0x00000000029e3000 JavaThread "main" [_thread_in_native, id=17428, stack(0x0000000001100000,0x0000000001200000)]

Other Threads:
  0x000000001c538800 VMThread [stack: 0x000000001e250000,0x000000001e350000] [id=13788]
  0x000000001e453000 WatcherThread [stack: 0x000000001f840000,0x000000001f940000] [id=944]

VM state:not at safepoint (normal execution)

VM Mutex/Monitor currently owned by a thread: None

heap address: 0x00000006c1e00000, size: 4066 MB, Compressed Oops mode: Zero based, Oop shift amount: 3
Narrow klass base: 0x0000000000000000, Narrow klass shift: 3
Compressed class space size: 1073741824 Address: 0x00000007c0000000

Heap:
 PSYoungGen      total 76288K, used 10528K [0x000000076b500000, 0x0000000770a00000, 0x00000007c0000000)
  eden space 65536K, 16% used [0x000000076b500000,0x000000076bf48240,0x000000076f500000)
  from space 10752K, 0% used [0x000000076ff80000,0x000000076ff80000,0x0000000770a00000)
  to   space 10752K, 0% used [0x000000076f500000,0x000000076f500000,0x000000076ff80000)
 ParOldGen       total 175104K, used 0K [0x00000006c1e00000, 0x00000006cc900000, 0x000000076b500000)
  object space 175104K, 0% used [0x00000006c1e00000,0x00000006c1e00000,0x00000006cc900000)
 Metaspace       used 6542K, capacity 6826K, committed 7040K, reserved 1056768K
  class space    used 695K, capacity 795K, committed 896K, reserved 1048576K

Card table byte_map: [0x0000000011ea0000,0x00000000126a0000] byte_map_base: 0x000000000e891000

Marking Bits: (ParMarkBitMap*) 0x00000000770c5ce0
 Begin Bits: [0x00000000133f0000, 0x0000000017378000)
 End Bits:   [0x0000000017378000, 0x000000001b300000)

Polling page: 0x0000000000c80000

CodeCache: size=245760Kb used=2203Kb max_used=2216Kb free=243556Kb
 bounds [0x0000000002ae0000, 0x0000000002d50000, 0x0000000011ae0000]
 total_blobs=881 nmethods=513 adapters=289
 compilation: enabled

Compilation events (10 events):
Event: 0.440 Thread 0x000000001e3ad000 nmethod 508 0x0000000002d01590 code [0x0000000002d01700, 0x0000000002d01938]
Event: 0.440 Thread 0x000000001e3ad000  509       3       java.lang.CharacterDataLatin1::digit (91 bytes)
Event: 0.440 Thread 0x000000001e3ad000 nmethod 509 0x0000000002d01a10 code [0x0000000002d01b80, 0x0000000002d01f30]
Event: 0.440 Thread 0x000000001e3ad000  511       3       sun.security.provider.DigestBase::implCompressMultiBlock (23 bytes)
Event: 0.440 Thread 0x000000001e3ad000 nmethod 511 0x0000000002d020d0 code [0x0000000002d02240, 0x0000000002d02528]
Event: 0.443 Thread 0x000000001e3ad000  512       1       sun.nio.ch.Util::access$000 (4 bytes)
Event: 0.443 Thread 0x000000001e3ad000 nmethod 512 0x0000000002d02610 code [0x0000000002d02760, 0x0000000002d02850]
Event: 0.452 Thread 0x000000001e3aa800 nmethod 510 0x0000000002d09e10 code [0x0000000002d09f80, 0x0000000002d0aa88]
Event: 0.454 Thread 0x000000001e3ad000  513       1       java.net.URLClassLoader::access$000 (5 bytes)
Event: 0.454 Thread 0x000000001e3ad000 nmethod 513 0x0000000002d05210 code [0x0000000002d05360, 0x0000000002d05450]

GC Heap History (0 events):
No events

Deoptimization events (1 events):
Event: 0.339 Thread 0x00000000029e3000 Uncommon trap: reason=unstable_if action=reinterpret pc=0x0000000002c86ee4 method=java.lang.String.indexOf([CII[CIII)I @ 3

Classes redefined (0 events):
No events

Internal exceptions (10 events):
Event: 0.372 Thread 0x00000000029e3000 Exception <a 'sun/nio/fs/WindowsException'> (0x000000076bc2cef8) thrown at [C:\re\workspace\8-2-build-windows-amd64-cygwin\jdk8u202\12323\hotspot\src\share\vm\prims\jni.cpp, line 710]
Event: 0.372 Thread 0x00000000029e3000 Exception <a 'sun/nio/fs/WindowsException'> (0x000000076bc2d518) thrown at [C:\re\workspace\8-2-build-windows-amd64-cygwin\jdk8u202\12323\hotspot\src\share\vm\prims\jni.cpp, line 710]
Event: 0.392 Thread 0x00000000029e3000 Exception <a 'java/security/PrivilegedActionException'> (0x000000076bcdef78) thrown at [C:\re\workspace\8-2-build-windows-amd64-cygwin\jdk8u202\12323\hotspot\src\share\vm\prims\jvm.cpp, line 1502]
Event: 0.392 Thread 0x00000000029e3000 Exception <a 'java/security/PrivilegedActionException'> (0x000000076bcdf370) thrown at [C:\re\workspace\8-2-build-windows-amd64-cygwin\jdk8u202\12323\hotspot\src\share\vm\prims\jvm.cpp, line 1502]
Event: 0.392 Thread 0x00000000029e3000 Exception <a 'java/security/PrivilegedActionException'> (0x000000076bce1f20) thrown at [C:\re\workspace\8-2-build-windows-amd64-cygwin\jdk8u202\12323\hotspot\src\share\vm\prims\jvm.cpp, line 1502]
Event: 0.392 Thread 0x00000000029e3000 Exception <a 'java/security/PrivilegedActionException'> (0x000000076bce2318) thrown at [C:\re\workspace\8-2-build-windows-amd64-cygwin\jdk8u202\12323\hotspot\src\share\vm\prims\jvm.cpp, line 1502]
Event: 0.392 Thread 0x00000000029e3000 Exception <a 'java/security/PrivilegedActionException'> (0x000000076bce4e60) thrown at [C:\re\workspace\8-2-build-windows-amd64-cygwin\jdk8u202\12323\hotspot\src\share\vm\prims\jvm.cpp, line 1502]
Event: 0.392 Thread 0x00000000029e3000 Exception <a 'java/security/PrivilegedActionException'> (0x000000076bce5258) thrown at [C:\re\workspace\8-2-build-windows-amd64-cygwin\jdk8u202\12323\hotspot\src\share\vm\prims\jvm.cpp, line 1502]
Event: 0.431 Thread 0x00000000029e3000 Exception <a 'sun/nio/fs/WindowsException'> (0x000000076bda1120) thrown at [C:\re\workspace\8-2-build-windows-amd64-cygwin\jdk8u202\12323\hotspot\src\share\vm\prims\jni.cpp, line 710]
Event: 0.431 Thread 0x00000000029e3000 Exception <a 'sun/nio/fs/WindowsException'> (0x000000076bda1850) thrown at [C:\re\workspace\8-2-build-windows-amd64-cygwin\jdk8u202\12323\hotspot\src\share\vm\prims\jni.cpp, line 710]

Events (10 events):
Event: 0.452 Thread 0x00000000029e3000 DEOPT PACKING pc=0x0000000002c8dba4 sp=0x00000000011fe110
Event: 0.452 Thread 0x00000000029e3000 DEOPT UNPACKING pc=0x0000000002b27890 sp=0x00000000011fdf30 mode 1
Event: 0.452 Thread 0x00000000029e3000 DEOPT PACKING pc=0x0000000002c8d93c sp=0x00000000011fe2a0
Event: 0.452 Thread 0x00000000029e3000 DEOPT UNPACKING pc=0x0000000002b27890 sp=0x00000000011fe0d8 mode 1
Event: 0.454 loading class org/lwjgl/system/libc/LibCString
Event: 0.454 loading class org/lwjgl/system/libc/LibCString done
Event: 0.454 Thread 0x00000000029e3000 DEOPT PACKING pc=0x0000000002c8dba4 sp=0x00000000011fdf80
Event: 0.454 Thread 0x00000000029e3000 DEOPT UNPACKING pc=0x0000000002b27890 sp=0x00000000011fdda0 mode 1
Event: 0.454 Thread 0x00000000029e3000 DEOPT PACKING pc=0x0000000002c8d93c sp=0x00000000011fe110
Event: 0.454 Thread 0x00000000029e3000 DEOPT UNPACKING pc=0x0000000002b27890 sp=0x00000000011fdf48 mode 1


Dynamic libraries:
0x00007ff691240000 - 0x00007ff691277000 	C:\Program Files\Java\jdk1.8.0_202\bin\java.exe
0x00007ffbe3f10000 - 0x00007ffbe4108000 	C:\WINDOWS\SYSTEM32\ntdll.dll
0x00007ffbe2950000 - 0x00007ffbe2a12000 	C:\WINDOWS\System32\KERNEL32.DLL
0x00007ffbe1ab0000 - 0x00007ffbe1da6000 	C:\WINDOWS\System32\KERNELBASE.dll
0x00007ffbe2090000 - 0x00007ffbe2141000 	C:\WINDOWS\System32\ADVAPI32.dll
0x00007ffbe25c0000 - 0x00007ffbe265e000 	C:\WINDOWS\System32\msvcrt.dll
0x00007ffbe2a20000 - 0x00007ffbe2abf000 	C:\WINDOWS\System32\sechost.dll
0x00007ffbe3640000 - 0x00007ffbe3760000 	C:\WINDOWS\System32\RPCRT4.dll
0x00007ffbe19c0000 - 0x00007ffbe19e7000 	C:\WINDOWS\System32\bcrypt.dll
0x00007ffbe3180000 - 0x00007ffbe3321000 	C:\WINDOWS\System32\USER32.dll
0x00007ffbe19f0000 - 0x00007ffbe1a12000 	C:\WINDOWS\System32\win32u.dll
0x00007ffbe2780000 - 0x00007ffbe27ab000 	C:\WINDOWS\System32\GDI32.dll
0x00007ffbe1eb0000 - 0x00007ffbe1fc9000 	C:\WINDOWS\System32\gdi32full.dll
0x00007ffbe1740000 - 0x00007ffbe17dd000 	C:\WINDOWS\System32\msvcp_win.dll
0x00007ffbe1db0000 - 0x00007ffbe1eb0000 	C:\WINDOWS\System32\ucrtbase.dll
0x00007ffbd0330000 - 0x00007ffbd05cb000 	C:\WINDOWS\WinSxS\amd64_microsoft.windows.common-controls_6595b64144ccf1df_6.0.19041.6456_none_60b8a6cb71f64256\COMCTL32.dll
0x00007ffbe2590000 - 0x00007ffbe25bf000 	C:\WINDOWS\System32\IMM32.DLL
0x0000000077910000 - 0x00000000779e2000 	C:\Program Files\Java\jdk1.8.0_202\jre\bin\msvcr100.dll
0x00000000768a0000 - 0x0000000077145000 	C:\Program Files\Java\jdk1.8.0_202\jre\bin\server\jvm.dll
0x00007ffbe2f50000 - 0x00007ffbe2f58000 	C:\WINDOWS\System32\PSAPI.DLL
0x00007ffbca770000 - 0x00007ffbca779000 	C:\WINDOWS\SYSTEM32\WSOCK32.dll
0x00007ffbd3460000 - 0x00007ffbd346a000 	C:\WINDOWS\SYSTEM32\VERSION.dll
0x00007ffbe3110000 - 0x00007ffbe317b000 	C:\WINDOWS\System32\WS2_32.dll
0x00007ffbd02d0000 - 0x00007ffbd02f7000 	C:\WINDOWS\SYSTEM32\WINMM.dll
0x00007ffbdcbc0000 - 0x00007ffbdcbcf000 	C:\Program Files\Java\jdk1.8.0_202\jre\bin\verify.dll
0x00007ffbd6c20000 - 0x00007ffbd6c49000 	C:\Program Files\Java\jdk1.8.0_202\jre\bin\java.dll
0x00007ffbcf570000 - 0x00007ffbcf5a5000 	C:\Program Files\Java\jdk1.8.0_202\jre\bin\jdwp.dll
0x00007ffbd9820000 - 0x00007ffbd9828000 	C:\Program Files\Java\jdk1.8.0_202\jre\bin\npt.dll
0x00007ffbd8430000 - 0x00007ffbd8446000 	C:\Program Files\Java\jdk1.8.0_202\jre\bin\zip.dll
0x00007ffbe3760000 - 0x00007ffbe3ed0000 	C:\WINDOWS\System32\SHELL32.dll
0x00007ffbdf6e0000 - 0x00007ffbdfe85000 	C:\WINDOWS\SYSTEM32\windows.storage.dll
0x00007ffbe2230000 - 0x00007ffbe2584000 	C:\WINDOWS\System32\combase.dll
0x00007ffbe0f00000 - 0x00007ffbe0f2b000 	C:\WINDOWS\SYSTEM32\Wldp.dll
0x00007ffbe3570000 - 0x00007ffbe363d000 	C:\WINDOWS\System32\OLEAUT32.dll
0x00007ffbe3440000 - 0x00007ffbe34ed000 	C:\WINDOWS\System32\SHCORE.dll
0x00007ffbe3330000 - 0x00007ffbe338b000 	C:\WINDOWS\System32\shlwapi.dll
0x00007ffbe15c0000 - 0x00007ffbe15e4000 	C:\WINDOWS\SYSTEM32\profapi.dll
0x00007ffbd6c10000 - 0x00007ffbd6c19000 	C:\Program Files\Java\jdk1.8.0_202\jre\bin\dt_socket.dll
0x00007ffbd6b90000 - 0x00007ffbd6ba7000 	C:\WINDOWS\system32\napinsp.dll
0x00007ffbd6350000 - 0x00007ffbd636b000 	C:\WINDOWS\system32\pnrpnsp.dll
0x00007ffbc78a0000 - 0x00007ffbc78bd000 	C:\WINDOWS\system32\wshbth.dll
0x00007ffbddd90000 - 0x00007ffbdddad000 	C:\WINDOWS\system32\NLAapi.dll
0x00007ffbe09e0000 - 0x00007ffbe0a1b000 	C:\WINDOWS\SYSTEM32\IPHLPAPI.DLL
0x00007ffbe0ce0000 - 0x00007ffbe0d4a000 	C:\WINDOWS\System32\mswsock.dll
0x00007ffbe0a20000 - 0x00007ffbe0aea000 	C:\WINDOWS\SYSTEM32\DNSAPI.dll
0x00007ffbe2020000 - 0x00007ffbe2028000 	C:\WINDOWS\System32\NSI.dll
0x00007ffbd6330000 - 0x00007ffbd6342000 	C:\WINDOWS\System32\winrnr.dll
0x0000000077a80000 - 0x0000000077aa6000 	C:\Program Files\Bonjour\mdnsNSP.dll
0x00007ffbdb0d0000 - 0x00007ffbdb150000 	C:\WINDOWS\System32\fwpuclnt.dll
0x00007ffbd49c0000 - 0x00007ffbd49ca000 	C:\Windows\System32\rasadhlp.dll
0x00007ffbd6be0000 - 0x00007ffbd6bfa000 	C:\Program Files\Java\jdk1.8.0_202\jre\bin\net.dll
0x00007ffbd3e80000 - 0x00007ffbd4072000 	C:\WINDOWS\SYSTEM32\urlmon.dll
0x00007ffbe0af0000 - 0x00007ffbe0afc000 	C:\WINDOWS\SYSTEM32\netutils.dll
0x00007ffbd58d0000 - 0x00007ffbd5b8f000 	C:\WINDOWS\SYSTEM32\iertutil.dll
0x00007ffbdb7c0000 - 0x00007ffbdb7e8000 	C:\WINDOWS\SYSTEM32\srvcli.dll
0x00007ffbd6050000 - 0x00007ffbd6062000 	C:\Program Files\Java\jdk1.8.0_202\jre\bin\nio.dll
0x00007ffbc0960000 - 0x00007ffbc09db000 	C:\Users\Pc Salon\AppData\Local\Temp\lwjgl_Pc Salon\3.3.3+5\x64\lwjgl.dll
0x00007ffbc60d0000 - 0x00007ffbc612e000 	C:\Users\Pc Salon\AppData\Local\Temp\lwjgl_Pc Salon\3.3.3+5\x64\lwjgl_opengl.dll
0x00007ffbcd120000 - 0x00007ffbcd248000 	C:\WINDOWS\SYSTEM32\opengl32.dll
0x00007ffbd61b0000 - 0x00007ffbd61dc000 	C:\WINDOWS\SYSTEM32\GLU32.dll
0x00007ffbbf5c0000 - 0x00007ffbbf642000 	C:\Users\Pc Salon\AppData\Local\Temp\lwjgl_Pc Salon\3.3.3+5\x64\lwjgl_stb.dll
0x00007ffbcb250000 - 0x00007ffbcb451000 	C:\WINDOWS\SYSTEM32\dbghelp.dll
0x00007ffbe1a20000 - 0x00007ffbe1aa2000 	C:\WINDOWS\System32\bcryptPrimitives.dll

VM Arguments:
jvm_args: -agentlib:jdwp=transport=dt_socket,server=n,suspend=y,address=localhost:58478 
java_command: minecraft.fr.clemdefrance.Main
java_class_path (initial): C:\Users\PCSALO~1\AppData\Local\Temp\cp_ehvs8lfz8u30e7pbx9o12kyvw.jar
Launcher Type: SUN_STANDARD

Environment Variables:
JAVA_HOME=C:\Program Files\Java\jdk1.8.0_202
PATH=C:\Program Files (x86)\Common Files\Oracle\Java\java8path;C:\Program Files (x86)\Common Files\Oracle\Java\javapath;C:\WINDOWS\system32;C:\WINDOWS;C:\WINDOWS\System32\Wbem;C:\WINDOWS\System32\WindowsPowerShell\v1.0\;C:\WINDOWS\System32\OpenSSH\;C:\Program Files\Git\cmd;C:\Program Files\Gradle\bin;C:\Users\Pc Salon\AppData\Local\Programs\Python\Python313\Scripts\;C:\Users\Pc Salon\AppData\Local\Programs\Python\Python313\;C:\Users\Pc Salon\AppData\Local\Microsoft\WindowsApps;c:\Users\Pc Salon\.vscode\extensions\vscjava.vscode-java-debug-0.58.5\bundled\scripts\noConfigScripts
USERNAME=Pc Salon
OS=Windows_NT
PROCESSOR_IDENTIFIER=Intel64 Family 6 Model 58 Stepping 9, GenuineIntel



---------------  S Y S T E M  ---------------

OS: Windows 10.0 , 64 bit Build 19041 (10.0.19041.5915)

CPU:total 8 (initial active 8) (4 cores per cpu, 2 threads per core) family 6 model 58 stepping 9, cmov, cx8, fxsr, mmx, sse, sse2, sse3, ssse3, sse4.1, sse4.2, popcnt, avx, aes, clmul, erms, ht, tsc, tscinvbit, tscinv

Memory: 4k page, physical 16654132k(8049368k free), swap 19144500k(8340216k free)

vm_info: Java HotSpot(TM) 64-Bit Server VM (25.202-b08) for windows-amd64 JRE (1.8.0_202-b08), built on Dec 15 2018 19:54:30 by "java_re" with MS VC++ 10.0 (VS2010)

time: Sun Mar 22 11:49:12 2026
timezone: Paris, Madrid
elapsed time: 0 seconds (0d 0h 0m 0s)

